<?xml version="1.0" encoding="UTF-8"?>
<testng-results skipped="0" failed="0" ignored="0" total="1" passed="1">
  <reporter-output>
  </reporter-output>
  <suite name="Default suite" duration-ms="14079" started-at="2019-01-03T00:23:30Z" finished-at="2019-01-03T00:23:44Z">
    <groups>
      <group name="cucumber">
        <method signature="AbstractTestNGCucumberTests.feature(cucumber.api.testng.CucumberFeatureWrapper)[pri:0, instance:TestRunner.jan@1bce4f0a]" name="feature" class="cucumber.api.testng.AbstractTestNGCucumberTests"/>
      </group> <!-- cucumber -->
    </groups>
    <test name="Default test" duration-ms="14079" started-at="2019-01-03T00:23:30Z" finished-at="2019-01-03T00:23:44Z">
      <class name="TestRunner.jan">
        <test-method status="PASS" signature="setUpClass()[pri:0, instance:TestRunner.jan@1bce4f0a]" name="setUpClass" is-config="true" duration-ms="616" started-at="2019-01-03T00:23:30Z" finished-at="2019-01-03T00:23:30Z">
          <reporter-output>
          </reporter-output>
        </test-method> <!-- setUpClass -->
        <test-method status="PASS" signature="feature(cucumber.api.testng.CucumberFeatureWrapper)[pri:0, instance:TestRunner.jan@1bce4f0a]" name="feature" duration-ms="12915" started-at="2019-01-03T00:23:31Z" description="Runs Cucumber Feature" data-provider="features" finished-at="2019-01-03T00:23:44Z">
          <params>
            <param index="0">
              <value>
                <![CDATA[As a user i want login yahoo.com]]>
              </value>
            </param>
          </params>
          <reporter-output>
          </reporter-output>
        </test-method> <!-- feature -->
        <test-method status="PASS" signature="tearDownClass()[pri:0, instance:TestRunner.jan@1bce4f0a]" name="tearDownClass" is-config="true" duration-ms="24" started-at="2019-01-03T00:23:44Z" finished-at="2019-01-03T00:23:44Z">
          <reporter-output>
          </reporter-output>
        </test-method> <!-- tearDownClass -->
      </class> <!-- TestRunner.jan -->
    </test> <!-- Default test -->
  </suite> <!-- Default suite -->
</testng-results>
